[2026-05-16T18:51:57.592+0000] {local_task_job_runner.py:120} INFO - ::group::Pre task execution logs
[2026-05-16T18:51:57.605+0000] {taskinstance.py:2076} INFO - Dependencies all met for dep_context=non-requeueable deps ti=<TaskInstance: kafka_dbt_pipeline.run_dbt_models manual__2026-05-16T18:51:55.391173+00:00 [queued]>
[2026-05-16T18:51:57.607+0000] {taskinstance.py:2076} INFO - Dependencies all met for dep_context=requeueable deps ti=<TaskInstance: kafka_dbt_pipeline.run_dbt_models manual__2026-05-16T18:51:55.391173+00:00 [queued]>
[2026-05-16T18:51:57.607+0000] {taskinstance.py:2306} INFO - Starting attempt 1 of 1
[2026-05-16T18:51:57.611+0000] {taskinstance.py:2330} INFO - Executing <Task(BashOperator): run_dbt_models> on 2026-05-16 18:51:55.391173+00:00
[2026-05-16T18:51:57.612+0000] {standard_task_runner.py:64} INFO - Started process 208 to run task
[2026-05-16T18:51:57.614+0000] {standard_task_runner.py:90} INFO - Running: ['***', 'tasks', 'run', 'kafka_dbt_pipeline', 'run_dbt_models', 'manual__2026-05-16T18:51:55.391173+00:00', '--job-id', '27', '--raw', '--subdir', 'DAGS_FOLDER/kafka_dbt_pipeline_dag.py', '--cfg-path', '/tmp/tmpap4a0pj_']
[2026-05-16T18:51:57.615+0000] {standard_task_runner.py:91} INFO - Job 27: Subtask run_dbt_models
[2026-05-16T18:51:57.634+0000] {task_command.py:426} INFO - Running <TaskInstance: kafka_dbt_pipeline.run_dbt_models manual__2026-05-16T18:51:55.391173+00:00 [running]> on host e4a9fa6f4a33
[2026-05-16T18:51:57.663+0000] {taskinstance.py:2648} INFO - Exporting env vars: AIRFLOW_CTX_DAG_OWNER='***' AIRFLOW_CTX_DAG_ID='kafka_dbt_pipeline' AIRFLOW_CTX_TASK_ID='run_dbt_models' AIRFLOW_CTX_EXECUTION_DATE='2026-05-16T18:51:55.391173+00:00' AIRFLOW_CTX_TRY_NUMBER='1' AIRFLOW_CTX_DAG_RUN_ID='manual__2026-05-16T18:51:55.391173+00:00'
[2026-05-16T18:51:57.663+0000] {taskinstance.py:430} INFO - ::endgroup::
[2026-05-16T18:51:57.668+0000] {subprocess.py:63} INFO - Tmp dir root location: /tmp
[2026-05-16T18:51:57.668+0000] {subprocess.py:75} INFO - Running command: ['/usr/bin/bash', '-c', 'cd /opt/***/kafka_dbt_project && dbt run --profiles-dir /opt/***/kafka_dbt_project/.dbt']
[2026-05-16T18:51:57.671+0000] {subprocess.py:86} INFO - Output:
[2026-05-16T18:51:58.500+0000] {subprocess.py:93} INFO - Usage: dbt run [OPTIONS]
[2026-05-16T18:51:58.500+0000] {subprocess.py:93} INFO - Try 'dbt run -h' for help.
[2026-05-16T18:51:58.500+0000] {subprocess.py:93} INFO - 
[2026-05-16T18:51:58.500+0000] {subprocess.py:93} INFO - Error: Invalid value for '--profiles-dir': Path '/opt/***/kafka_dbt_project/.dbt' does not exist.
[2026-05-16T18:51:58.589+0000] {subprocess.py:97} INFO - Command exited with return code 2
[2026-05-16T18:51:58.589+0000] {taskinstance.py:441} INFO - ::group::Post task execution logs
[2026-05-16T18:51:58.594+0000] {taskinstance.py:2905} ERROR - Task failed with exception
Traceback (most recent call last):
  File "/home/airflow/.local/lib/python3.10/site-packages/airflow/models/taskinstance.py", line 465, in _execute_task
    result = _execute_callable(context=context, **execute_callable_kwargs)
  File "/home/airflow/.local/lib/python3.10/site-packages/airflow/models/taskinstance.py", line 432, in _execute_callable
    return execute_callable(context=context, **execute_callable_kwargs)
  File "/home/airflow/.local/lib/python3.10/site-packages/airflow/models/baseoperator.py", line 401, in wrapper
    return func(self, *args, **kwargs)
  File "/home/airflow/.local/lib/python3.10/site-packages/airflow/operators/bash.py", line 243, in execute
    raise AirflowException(
airflow.exceptions.AirflowException: Bash command failed. The command returned a non-zero exit code 2.
[2026-05-16T18:51:58.595+0000] {taskinstance.py:1206} INFO - Marking task as FAILED. dag_id=kafka_dbt_pipeline, task_id=run_dbt_models, run_id=manual__2026-05-16T18:51:55.391173+00:00, execution_date=20260516T185155, start_date=20260516T185157, end_date=20260516T185158
[2026-05-16T18:51:58.599+0000] {standard_task_runner.py:110} ERROR - Failed to execute job 27 for task run_dbt_models (Bash command failed. The command returned a non-zero exit code 2.; 208)
[2026-05-16T18:51:58.623+0000] {local_task_job_runner.py:243} INFO - Task exited with return code 1
[2026-05-16T18:51:58.633+0000] {taskinstance.py:3503} INFO - 0 downstream tasks scheduled from follow-on schedule check
[2026-05-16T18:51:58.634+0000] {local_task_job_runner.py:222} INFO - ::endgroup::
