[2026-05-16T19:01:24.570+0000] {local_task_job_runner.py:120} INFO - ::group::Pre task execution logs
[2026-05-16T19:01:24.586+0000] {taskinstance.py:2076} INFO - Dependencies all met for dep_context=non-requeueable deps ti=<TaskInstance: kafka_dbt_pipeline.run_dbt_models manual__2026-05-16T18:51:55.391173+00:00 [queued]>
[2026-05-16T19:01:24.589+0000] {taskinstance.py:2076} INFO - Dependencies all met for dep_context=requeueable deps ti=<TaskInstance: kafka_dbt_pipeline.run_dbt_models manual__2026-05-16T18:51:55.391173+00:00 [queued]>
[2026-05-16T19:01:24.589+0000] {taskinstance.py:2306} INFO - Starting attempt 2 of 2
[2026-05-16T19:01:24.594+0000] {taskinstance.py:2330} INFO - Executing <Task(BashOperator): run_dbt_models> on 2026-05-16 18:51:55.391173+00:00
[2026-05-16T19:01:24.596+0000] {standard_task_runner.py:64} INFO - Started process 199 to run task
[2026-05-16T19:01:24.598+0000] {standard_task_runner.py:90} INFO - Running: ['***', 'tasks', 'run', 'kafka_dbt_pipeline', 'run_dbt_models', 'manual__2026-05-16T18:51:55.391173+00:00', '--job-id', '29', '--raw', '--subdir', 'DAGS_FOLDER/kafka_dbt_pipeline_dag.py', '--cfg-path', '/tmp/tmpmx75pxo9']
[2026-05-16T19:01:24.599+0000] {standard_task_runner.py:91} INFO - Job 29: Subtask run_dbt_models
[2026-05-16T19:01:24.621+0000] {task_command.py:426} INFO - Running <TaskInstance: kafka_dbt_pipeline.run_dbt_models manual__2026-05-16T18:51:55.391173+00:00 [running]> on host da4c744f5689
[2026-05-16T19:01:24.660+0000] {taskinstance.py:2648} INFO - Exporting env vars: AIRFLOW_CTX_DAG_OWNER='***' AIRFLOW_CTX_DAG_ID='kafka_dbt_pipeline' AIRFLOW_CTX_TASK_ID='run_dbt_models' AIRFLOW_CTX_EXECUTION_DATE='2026-05-16T18:51:55.391173+00:00' AIRFLOW_CTX_TRY_NUMBER='2' AIRFLOW_CTX_DAG_RUN_ID='manual__2026-05-16T18:51:55.391173+00:00'
[2026-05-16T19:01:24.660+0000] {taskinstance.py:430} INFO - ::endgroup::
[2026-05-16T19:01:24.674+0000] {subprocess.py:63} INFO - Tmp dir root location: /tmp
[2026-05-16T19:01:24.675+0000] {subprocess.py:75} INFO - Running command: ['/usr/bin/bash', '-c', 'cd /opt/***/kafka_dbt_project && dbt run --profiles-dir /opt/***/kafka_dbt_project/.dbt']
[2026-05-16T19:01:24.678+0000] {subprocess.py:86} INFO - Output:
[2026-05-16T19:01:25.539+0000] {subprocess.py:93} INFO - [0m19:01:25  Running with dbt=1.12.0-b1
[2026-05-16T19:01:25.541+0000] {subprocess.py:93} INFO - [0m19:01:25  [[31mERROR[0m]: Encountered an error:
[2026-05-16T19:01:25.541+0000] {subprocess.py:93} INFO - Runtime Error
[2026-05-16T19:01:25.542+0000] {subprocess.py:93} INFO - 
[2026-05-16T19:01:25.542+0000] {subprocess.py:93} INFO -   dbt encountered an error while trying to read your profiles.yml file.
[2026-05-16T19:01:25.542+0000] {subprocess.py:93} INFO - 
[2026-05-16T19:01:25.542+0000] {subprocess.py:93} INFO -   Runtime Error
[2026-05-16T19:01:25.542+0000] {subprocess.py:93} INFO -     Syntax error near line 12
[2026-05-16T19:01:25.542+0000] {subprocess.py:93} INFO -     ------------------------------
[2026-05-16T19:01:25.542+0000] {subprocess.py:93} INFO -     9  |       port: 5432
[2026-05-16T19:01:25.542+0000] {subprocess.py:93} INFO -     10 |       dbname: analytics
[2026-05-16T19:01:25.542+0000] {subprocess.py:93} INFO -     11 |       schema: public
[2026-05-16T19:01:25.543+0000] {subprocess.py:93} INFO -     12 |       threads: 1default:
[2026-05-16T19:01:25.543+0000] {subprocess.py:93} INFO -     13 |   target: dev
[2026-05-16T19:01:25.543+0000] {subprocess.py:93} INFO -     14 |
[2026-05-16T19:01:25.543+0000] {subprocess.py:93} INFO -     15 |   outputs:
[2026-05-16T19:01:25.543+0000] {subprocess.py:93} INFO - 
[2026-05-16T19:01:25.543+0000] {subprocess.py:93} INFO -     Raw Error:
[2026-05-16T19:01:25.543+0000] {subprocess.py:93} INFO -     ------------------------------
[2026-05-16T19:01:25.543+0000] {subprocess.py:93} INFO -     mapping values are not allowed in this context
[2026-05-16T19:01:25.546+0000] {subprocess.py:93} INFO -       in "<unicode string>", line 12, column 24
[2026-05-16T19:01:25.546+0000] {subprocess.py:93} INFO - 
[2026-05-16T19:01:26.032+0000] {subprocess.py:97} INFO - Command exited with return code 2
[2026-05-16T19:01:26.032+0000] {taskinstance.py:441} INFO - ::group::Post task execution logs
[2026-05-16T19:01:26.038+0000] {taskinstance.py:2905} ERROR - Task failed with exception
Traceback (most recent call last):
  File "/home/airflow/.local/lib/python3.10/site-packages/airflow/models/taskinstance.py", line 465, in _execute_task
    result = _execute_callable(context=context, **execute_callable_kwargs)
  File "/home/airflow/.local/lib/python3.10/site-packages/airflow/models/taskinstance.py", line 432, in _execute_callable
    return execute_callable(context=context, **execute_callable_kwargs)
  File "/home/airflow/.local/lib/python3.10/site-packages/airflow/models/baseoperator.py", line 401, in wrapper
    return func(self, *args, **kwargs)
  File "/home/airflow/.local/lib/python3.10/site-packages/airflow/operators/bash.py", line 243, in execute
    raise AirflowException(
airflow.exceptions.AirflowException: Bash command failed. The command returned a non-zero exit code 2.
[2026-05-16T19:01:26.039+0000] {taskinstance.py:1206} INFO - Marking task as FAILED. dag_id=kafka_dbt_pipeline, task_id=run_dbt_models, run_id=manual__2026-05-16T18:51:55.391173+00:00, execution_date=20260516T185155, start_date=20260516T190124, end_date=20260516T190126
[2026-05-16T19:01:26.044+0000] {standard_task_runner.py:110} ERROR - Failed to execute job 29 for task run_dbt_models (Bash command failed. The command returned a non-zero exit code 2.; 199)
[2026-05-16T19:01:26.081+0000] {local_task_job_runner.py:243} INFO - Task exited with return code 1
[2026-05-16T19:01:26.090+0000] {taskinstance.py:3503} INFO - 0 downstream tasks scheduled from follow-on schedule check
[2026-05-16T19:01:26.204+0000] {local_task_job_runner.py:222} INFO - ::endgroup::
