[2026-05-16T18:01:32.582+0000] {local_task_job_runner.py:120} INFO - ::group::Pre task execution logs
[2026-05-16T18:01:32.609+0000] {taskinstance.py:2076} INFO - Dependencies all met for dep_context=non-requeueable deps ti=<TaskInstance: kafka_dbt_pipeline.check_project_files manual__2026-05-16T18:01:31.822821+00:00 [queued]>
[2026-05-16T18:01:32.612+0000] {taskinstance.py:2076} INFO - Dependencies all met for dep_context=requeueable deps ti=<TaskInstance: kafka_dbt_pipeline.check_project_files manual__2026-05-16T18:01:31.822821+00:00 [queued]>
[2026-05-16T18:01:32.612+0000] {taskinstance.py:2306} INFO - Starting attempt 1 of 1
[2026-05-16T18:01:32.617+0000] {taskinstance.py:2330} INFO - Executing <Task(BashOperator): check_project_files> on 2026-05-16 18:01:31.822821+00:00
[2026-05-16T18:01:32.619+0000] {standard_task_runner.py:64} INFO - Started process 39670 to run task
[2026-05-16T18:01:32.622+0000] {standard_task_runner.py:90} INFO - Running: ['***', 'tasks', 'run', 'kafka_dbt_pipeline', 'check_project_files', 'manual__2026-05-16T18:01:31.822821+00:00', '--job-id', '3', '--raw', '--subdir', 'DAGS_FOLDER/kafka_dbt_pipeline_dag.py', '--cfg-path', '/tmp/tmp0p41glsb']
[2026-05-16T18:01:32.623+0000] {standard_task_runner.py:91} INFO - Job 3: Subtask check_project_files
[2026-05-16T18:01:32.649+0000] {task_command.py:426} INFO - Running <TaskInstance: kafka_dbt_pipeline.check_project_files manual__2026-05-16T18:01:31.822821+00:00 [running]> on host 8a26c75e944a
[2026-05-16T18:01:32.691+0000] {taskinstance.py:2648} INFO - Exporting env vars: AIRFLOW_CTX_DAG_OWNER='***' AIRFLOW_CTX_DAG_ID='kafka_dbt_pipeline' AIRFLOW_CTX_TASK_ID='check_project_files' AIRFLOW_CTX_EXECUTION_DATE='2026-05-16T18:01:31.822821+00:00' AIRFLOW_CTX_TRY_NUMBER='1' AIRFLOW_CTX_DAG_RUN_ID='manual__2026-05-16T18:01:31.822821+00:00'
[2026-05-16T18:01:32.691+0000] {taskinstance.py:430} INFO - ::endgroup::
[2026-05-16T18:01:32.714+0000] {subprocess.py:63} INFO - Tmp dir root location: /tmp
[2026-05-16T18:01:32.714+0000] {subprocess.py:75} INFO - Running command: ['/usr/bin/bash', '-c', 'ls -la /opt/***/kafka_dbt_project && ls -la /opt/***/kafka_dbt_project/models']
[2026-05-16T18:01:32.720+0000] {subprocess.py:86} INFO - Output:
[2026-05-16T18:01:32.733+0000] {subprocess.py:93} INFO - total 36
[2026-05-16T18:01:32.734+0000] {subprocess.py:93} INFO - drwx------ 14 *** root  448 May 16 17:36 .
[2026-05-16T18:01:32.734+0000] {subprocess.py:93} INFO - drwxrwxr-x  1 *** root 4096 May 16 17:56 ..
[2026-05-16T18:01:32.734+0000] {subprocess.py:93} INFO - -rw-r--r--  1 *** root   25 May 16  2026 .gitignore
[2026-05-16T18:01:32.734+0000] {subprocess.py:93} INFO - -rw-r--r--  1 *** root 1829 May 16 18:00 README.md
[2026-05-16T18:01:32.734+0000] {subprocess.py:93} INFO - -rw-r--r--  1 *** root  294 May 16 17:15 consumer.py
[2026-05-16T18:01:32.734+0000] {subprocess.py:93} INFO - -rw-r--r--  1 *** root  728 May 16 17:15 consumer2.py
[2026-05-16T18:01:32.735+0000] {subprocess.py:93} INFO - drwxr-xr-x  3 *** root   96 May 16 17:37 dags
[2026-05-16T18:01:32.735+0000] {subprocess.py:93} INFO - -rw-r--r--  1 *** root  104 May 16  2026 dbt_project.yml
[2026-05-16T18:01:32.735+0000] {subprocess.py:93} INFO - -rw-r--r--  1 *** root  667 May 16 17:03 docker-compose.yml
[2026-05-16T18:01:32.735+0000] {subprocess.py:93} INFO - drwxr-xr-x  3 *** root   96 May 16 17:23 logs
[2026-05-16T18:01:32.735+0000] {subprocess.py:93} INFO - drwxr-xr-x  4 *** root  128 May 16 16:45 models
[2026-05-16T18:01:32.735+0000] {subprocess.py:93} INFO - -rw-r--r--  1 *** root  417 May 16  2026 producer.py
[2026-05-16T18:01:32.735+0000] {subprocess.py:93} INFO - -rw-r--r--  1 *** root   50 May 16  2026 requirements.txt
[2026-05-16T18:01:32.735+0000] {subprocess.py:93} INFO - drwxr-xr-x 10 *** root  320 May 16 17:25 target
[2026-05-16T18:01:32.736+0000] {subprocess.py:93} INFO - total 8
[2026-05-16T18:01:32.736+0000] {subprocess.py:93} INFO - drwxr-xr-x  4 *** root 128 May 16 16:45 .
[2026-05-16T18:01:32.736+0000] {subprocess.py:93} INFO - drwx------ 14 *** root 448 May 16 17:36 ..
[2026-05-16T18:01:32.736+0000] {subprocess.py:93} INFO - -rw-r--r--  1 *** root  78 May 16  2026 sales_summary.sql
[2026-05-16T18:01:32.736+0000] {subprocess.py:93} INFO - -rw-r--r--  1 *** root 115 May 16  2026 schema.yml
[2026-05-16T18:01:32.736+0000] {subprocess.py:97} INFO - Command exited with return code 0
[2026-05-16T18:01:32.736+0000] {taskinstance.py:441} INFO - ::group::Post task execution logs
[2026-05-16T18:01:32.752+0000] {taskinstance.py:1206} INFO - Marking task as SUCCESS. dag_id=kafka_dbt_pipeline, task_id=check_project_files, run_id=manual__2026-05-16T18:01:31.822821+00:00, execution_date=20260516T180131, start_date=20260516T180132, end_date=20260516T180132
[2026-05-16T18:01:32.800+0000] {local_task_job_runner.py:243} INFO - Task exited with return code 0
[2026-05-16T18:01:32.813+0000] {taskinstance.py:3503} INFO - 1 downstream tasks scheduled from follow-on schedule check
[2026-05-16T18:01:32.814+0000] {local_task_job_runner.py:222} INFO - ::endgroup::
