[2026-05-16T18:04:29.426+0000] {local_task_job_runner.py:120} INFO - ::group::Pre task execution logs
[2026-05-16T18:04:29.442+0000] {taskinstance.py:2076} INFO - Dependencies all met for dep_context=non-requeueable deps ti=<TaskInstance: kafka_dbt_pipeline.run_kafka_producer manual__2026-05-16T18:04:27.485712+00:00 [queued]>
[2026-05-16T18:04:29.445+0000] {taskinstance.py:2076} INFO - Dependencies all met for dep_context=requeueable deps ti=<TaskInstance: kafka_dbt_pipeline.run_kafka_producer manual__2026-05-16T18:04:27.485712+00:00 [queued]>
[2026-05-16T18:04:29.445+0000] {taskinstance.py:2306} INFO - Starting attempt 1 of 1
[2026-05-16T18:04:29.450+0000] {taskinstance.py:2330} INFO - Executing <Task(BashOperator): run_kafka_producer> on 2026-05-16 18:04:27.485712+00:00
[2026-05-16T18:04:29.453+0000] {standard_task_runner.py:64} INFO - Started process 62312 to run task
[2026-05-16T18:04:29.454+0000] {standard_task_runner.py:90} INFO - Running: ['***', 'tasks', 'run', 'kafka_dbt_pipeline', 'run_kafka_producer', 'manual__2026-05-16T18:04:27.485712+00:00', '--job-id', '7', '--raw', '--subdir', 'DAGS_FOLDER/kafka_dbt_pipeline_dag.py', '--cfg-path', '/tmp/tmpex9yfacs']
[2026-05-16T18:04:29.456+0000] {standard_task_runner.py:91} INFO - Job 7: Subtask run_kafka_producer
[2026-05-16T18:04:29.476+0000] {task_command.py:426} INFO - Running <TaskInstance: kafka_dbt_pipeline.run_kafka_producer manual__2026-05-16T18:04:27.485712+00:00 [running]> on host 8a26c75e944a
[2026-05-16T18:04:29.509+0000] {taskinstance.py:2648} INFO - Exporting env vars: AIRFLOW_CTX_DAG_OWNER='***' AIRFLOW_CTX_DAG_ID='kafka_dbt_pipeline' AIRFLOW_CTX_TASK_ID='run_kafka_producer' AIRFLOW_CTX_EXECUTION_DATE='2026-05-16T18:04:27.485712+00:00' AIRFLOW_CTX_TRY_NUMBER='1' AIRFLOW_CTX_DAG_RUN_ID='manual__2026-05-16T18:04:27.485712+00:00'
[2026-05-16T18:04:29.510+0000] {taskinstance.py:430} INFO - ::endgroup::
[2026-05-16T18:04:29.515+0000] {subprocess.py:63} INFO - Tmp dir root location: /tmp
[2026-05-16T18:04:29.515+0000] {subprocess.py:75} INFO - Running command: ['/usr/bin/bash', '-c', 'cd /opt/***/kafka_dbt_project && python producer.py']
[2026-05-16T18:04:29.519+0000] {subprocess.py:86} INFO - Output:
[2026-05-16T18:04:29.551+0000] {subprocess.py:93} INFO -   File "/opt/***/kafka_dbt_project/producer.py", line 7
[2026-05-16T18:04:29.551+0000] {subprocess.py:93} INFO -     bootstrap_servers='host.docker.internal:9092'
[2026-05-16T18:04:29.552+0000] {subprocess.py:93} INFO -                       ^^^^^^^^^^^^^^^^^^^^^^^^^^^
[2026-05-16T18:04:29.552+0000] {subprocess.py:93} INFO - SyntaxError: invalid syntax. Perhaps you forgot a comma?
[2026-05-16T18:04:29.553+0000] {subprocess.py:97} INFO - Command exited with return code 1
[2026-05-16T18:04:29.553+0000] {taskinstance.py:441} INFO - ::group::Post task execution logs
[2026-05-16T18:04:29.559+0000] {taskinstance.py:2905} ERROR - Task failed with exception
Traceback (most recent call last):
  File "/home/airflow/.local/lib/python3.10/site-packages/airflow/models/taskinstance.py", line 465, in _execute_task
    result = _execute_callable(context=context, **execute_callable_kwargs)
  File "/home/airflow/.local/lib/python3.10/site-packages/airflow/models/taskinstance.py", line 432, in _execute_callable
    return execute_callable(context=context, **execute_callable_kwargs)
  File "/home/airflow/.local/lib/python3.10/site-packages/airflow/models/baseoperator.py", line 401, in wrapper
    return func(self, *args, **kwargs)
  File "/home/airflow/.local/lib/python3.10/site-packages/airflow/operators/bash.py", line 243, in execute
    raise AirflowException(
airflow.exceptions.AirflowException: Bash command failed. The command returned a non-zero exit code 1.
[2026-05-16T18:04:29.560+0000] {taskinstance.py:1206} INFO - Marking task as FAILED. dag_id=kafka_dbt_pipeline, task_id=run_kafka_producer, run_id=manual__2026-05-16T18:04:27.485712+00:00, execution_date=20260516T180427, start_date=20260516T180429, end_date=20260516T180429
[2026-05-16T18:04:29.565+0000] {standard_task_runner.py:110} ERROR - Failed to execute job 7 for task run_kafka_producer (Bash command failed. The command returned a non-zero exit code 1.; 62312)
[2026-05-16T18:04:29.593+0000] {local_task_job_runner.py:243} INFO - Task exited with return code 1
[2026-05-16T18:04:29.604+0000] {taskinstance.py:3503} INFO - 0 downstream tasks scheduled from follow-on schedule check
[2026-05-16T18:04:29.605+0000] {local_task_job_runner.py:222} INFO - ::endgroup::
