[2026-05-16T18:01:33.598+0000] {local_task_job_runner.py:120} INFO - ::group::Pre task execution logs
[2026-05-16T18:01:33.614+0000] {taskinstance.py:2076} INFO - Dependencies all met for dep_context=non-requeueable deps ti=<TaskInstance: kafka_dbt_pipeline.run_kafka_producer manual__2026-05-16T18:01:31.822821+00:00 [queued]>
[2026-05-16T18:01:33.618+0000] {taskinstance.py:2076} INFO - Dependencies all met for dep_context=requeueable deps ti=<TaskInstance: kafka_dbt_pipeline.run_kafka_producer manual__2026-05-16T18:01:31.822821+00:00 [queued]>
[2026-05-16T18:01:33.619+0000] {taskinstance.py:2306} INFO - Starting attempt 1 of 1
[2026-05-16T18:01:33.624+0000] {taskinstance.py:2330} INFO - Executing <Task(BashOperator): run_kafka_producer> on 2026-05-16 18:01:31.822821+00:00
[2026-05-16T18:01:33.626+0000] {standard_task_runner.py:64} INFO - Started process 39797 to run task
[2026-05-16T18:01:33.628+0000] {standard_task_runner.py:90} INFO - Running: ['***', 'tasks', 'run', 'kafka_dbt_pipeline', 'run_kafka_producer', 'manual__2026-05-16T18:01:31.822821+00:00', '--job-id', '4', '--raw', '--subdir', 'DAGS_FOLDER/kafka_dbt_pipeline_dag.py', '--cfg-path', '/tmp/tmpe57sjy50']
[2026-05-16T18:01:33.629+0000] {standard_task_runner.py:91} INFO - Job 4: Subtask run_kafka_producer
[2026-05-16T18:01:33.652+0000] {task_command.py:426} INFO - Running <TaskInstance: kafka_dbt_pipeline.run_kafka_producer manual__2026-05-16T18:01:31.822821+00:00 [running]> on host 8a26c75e944a
[2026-05-16T18:01:33.688+0000] {taskinstance.py:2648} INFO - Exporting env vars: AIRFLOW_CTX_DAG_OWNER='***' AIRFLOW_CTX_DAG_ID='kafka_dbt_pipeline' AIRFLOW_CTX_TASK_ID='run_kafka_producer' AIRFLOW_CTX_EXECUTION_DATE='2026-05-16T18:01:31.822821+00:00' AIRFLOW_CTX_TRY_NUMBER='1' AIRFLOW_CTX_DAG_RUN_ID='manual__2026-05-16T18:01:31.822821+00:00'
[2026-05-16T18:01:33.688+0000] {taskinstance.py:430} INFO - ::endgroup::
[2026-05-16T18:01:33.693+0000] {subprocess.py:63} INFO - Tmp dir root location: /tmp
[2026-05-16T18:01:33.694+0000] {subprocess.py:75} INFO - Running command: ['/usr/bin/bash', '-c', 'cd /opt/***/kafka_dbt_project && python producer.py']
[2026-05-16T18:01:33.696+0000] {subprocess.py:86} INFO - Output:
[2026-05-16T18:01:36.077+0000] {subprocess.py:93} INFO - Traceback (most recent call last):
[2026-05-16T18:01:36.078+0000] {subprocess.py:93} INFO -   File "/opt/***/kafka_dbt_project/producer.py", line 6, in <module>
[2026-05-16T18:01:36.078+0000] {subprocess.py:93} INFO -     producer = KafkaProducer(
[2026-05-16T18:01:36.078+0000] {subprocess.py:93} INFO -   File "/home/***/.local/lib/python3.10/site-packages/kafka/producer/kafka.py", line 485, in __init__
[2026-05-16T18:01:36.078+0000] {subprocess.py:93} INFO -     client = self.config['kafka_client'](
[2026-05-16T18:01:36.078+0000] {subprocess.py:93} INFO -   File "/home/***/.local/lib/python3.10/site-packages/kafka/client_async.py", line 262, in __init__
[2026-05-16T18:01:36.078+0000] {subprocess.py:93} INFO -     self.config['api_version'] = self.check_version()
[2026-05-16T18:01:36.078+0000] {subprocess.py:93} INFO -   File "/home/***/.local/lib/python3.10/site-packages/kafka/client_async.py", line 1076, in check_version
[2026-05-16T18:01:36.079+0000] {subprocess.py:93} INFO -     raise Errors.NoBrokersAvailable()
[2026-05-16T18:01:36.079+0000] {subprocess.py:93} INFO - kafka.errors.NoBrokersAvailable: NoBrokersAvailable
[2026-05-16T18:01:36.102+0000] {subprocess.py:97} INFO - Command exited with return code 1
[2026-05-16T18:01:36.102+0000] {taskinstance.py:441} INFO - ::group::Post task execution logs
[2026-05-16T18:01:36.108+0000] {taskinstance.py:2905} ERROR - Task failed with exception
Traceback (most recent call last):
  File "/home/airflow/.local/lib/python3.10/site-packages/airflow/models/taskinstance.py", line 465, in _execute_task
    result = _execute_callable(context=context, **execute_callable_kwargs)
  File "/home/airflow/.local/lib/python3.10/site-packages/airflow/models/taskinstance.py", line 432, in _execute_callable
    return execute_callable(context=context, **execute_callable_kwargs)
  File "/home/airflow/.local/lib/python3.10/site-packages/airflow/models/baseoperator.py", line 401, in wrapper
    return func(self, *args, **kwargs)
  File "/home/airflow/.local/lib/python3.10/site-packages/airflow/operators/bash.py", line 243, in execute
    raise AirflowException(
airflow.exceptions.AirflowException: Bash command failed. The command returned a non-zero exit code 1.
[2026-05-16T18:01:36.110+0000] {taskinstance.py:1206} INFO - Marking task as FAILED. dag_id=kafka_dbt_pipeline, task_id=run_kafka_producer, run_id=manual__2026-05-16T18:01:31.822821+00:00, execution_date=20260516T180131, start_date=20260516T180133, end_date=20260516T180136
[2026-05-16T18:01:36.116+0000] {standard_task_runner.py:110} ERROR - Failed to execute job 4 for task run_kafka_producer (Bash command failed. The command returned a non-zero exit code 1.; 39797)
[2026-05-16T18:01:36.142+0000] {local_task_job_runner.py:243} INFO - Task exited with return code 1
[2026-05-16T18:01:36.154+0000] {taskinstance.py:3503} INFO - 0 downstream tasks scheduled from follow-on schedule check
[2026-05-16T18:01:36.156+0000] {local_task_job_runner.py:222} INFO - ::endgroup::
