[2026-05-16T18:05:51.748+0000] {local_task_job_runner.py:120} INFO - ::group::Pre task execution logs
[2026-05-16T18:05:51.764+0000] {taskinstance.py:2076} INFO - Dependencies all met for dep_context=non-requeueable deps ti=<TaskInstance: kafka_dbt_pipeline.run_kafka_producer manual__2026-05-16T18:05:49.964494+00:00 [queued]>
[2026-05-16T18:05:51.767+0000] {taskinstance.py:2076} INFO - Dependencies all met for dep_context=requeueable deps ti=<TaskInstance: kafka_dbt_pipeline.run_kafka_producer manual__2026-05-16T18:05:49.964494+00:00 [queued]>
[2026-05-16T18:05:51.768+0000] {taskinstance.py:2306} INFO - Starting attempt 1 of 1
[2026-05-16T18:05:51.774+0000] {taskinstance.py:2330} INFO - Executing <Task(BashOperator): run_kafka_producer> on 2026-05-16 18:05:49.964494+00:00
[2026-05-16T18:05:51.775+0000] {standard_task_runner.py:64} INFO - Started process 72829 to run task
[2026-05-16T18:05:51.777+0000] {standard_task_runner.py:90} INFO - Running: ['***', 'tasks', 'run', 'kafka_dbt_pipeline', 'run_kafka_producer', 'manual__2026-05-16T18:05:49.964494+00:00', '--job-id', '12', '--raw', '--subdir', 'DAGS_FOLDER/kafka_dbt_pipeline_dag.py', '--cfg-path', '/tmp/tmpll8epb43']
[2026-05-16T18:05:51.778+0000] {standard_task_runner.py:91} INFO - Job 12: Subtask run_kafka_producer
[2026-05-16T18:05:51.799+0000] {task_command.py:426} INFO - Running <TaskInstance: kafka_dbt_pipeline.run_kafka_producer manual__2026-05-16T18:05:49.964494+00:00 [running]> on host 8a26c75e944a
[2026-05-16T18:05:51.835+0000] {taskinstance.py:2648} INFO - Exporting env vars: AIRFLOW_CTX_DAG_OWNER='***' AIRFLOW_CTX_DAG_ID='kafka_dbt_pipeline' AIRFLOW_CTX_TASK_ID='run_kafka_producer' AIRFLOW_CTX_EXECUTION_DATE='2026-05-16T18:05:49.964494+00:00' AIRFLOW_CTX_TRY_NUMBER='1' AIRFLOW_CTX_DAG_RUN_ID='manual__2026-05-16T18:05:49.964494+00:00'
[2026-05-16T18:05:51.835+0000] {taskinstance.py:430} INFO - ::endgroup::
[2026-05-16T18:05:51.840+0000] {subprocess.py:63} INFO - Tmp dir root location: /tmp
[2026-05-16T18:05:51.841+0000] {subprocess.py:75} INFO - Running command: ['/usr/bin/bash', '-c', 'cd /opt/***/kafka_dbt_project && python producer.py']
[2026-05-16T18:05:51.844+0000] {subprocess.py:86} INFO - Output:
[2026-05-16T18:05:51.875+0000] {subprocess.py:93} INFO -   File "/opt/***/kafka_dbt_project/producer.py", line 7
[2026-05-16T18:05:51.875+0000] {subprocess.py:93} INFO -     bootstrap_servers='host.docker.internal:9092'
[2026-05-16T18:05:51.875+0000] {subprocess.py:93} INFO -                       ^^^^^^^^^^^^^^^^^^^^^^^^^^^
[2026-05-16T18:05:51.875+0000] {subprocess.py:93} INFO - SyntaxError: invalid syntax. Perhaps you forgot a comma?
[2026-05-16T18:05:51.877+0000] {subprocess.py:97} INFO - Command exited with return code 1
[2026-05-16T18:05:51.877+0000] {taskinstance.py:441} INFO - ::group::Post task execution logs
[2026-05-16T18:05:51.883+0000] {taskinstance.py:2905} ERROR - Task failed with exception
Traceback (most recent call last):
  File "/home/airflow/.local/lib/python3.10/site-packages/airflow/models/taskinstance.py", line 465, in _execute_task
    result = _execute_callable(context=context, **execute_callable_kwargs)
  File "/home/airflow/.local/lib/python3.10/site-packages/airflow/models/taskinstance.py", line 432, in _execute_callable
    return execute_callable(context=context, **execute_callable_kwargs)
  File "/home/airflow/.local/lib/python3.10/site-packages/airflow/models/baseoperator.py", line 401, in wrapper
    return func(self, *args, **kwargs)
  File "/home/airflow/.local/lib/python3.10/site-packages/airflow/operators/bash.py", line 243, in execute
    raise AirflowException(
airflow.exceptions.AirflowException: Bash command failed. The command returned a non-zero exit code 1.
[2026-05-16T18:05:51.884+0000] {taskinstance.py:1206} INFO - Marking task as FAILED. dag_id=kafka_dbt_pipeline, task_id=run_kafka_producer, run_id=manual__2026-05-16T18:05:49.964494+00:00, execution_date=20260516T180549, start_date=20260516T180551, end_date=20260516T180551
[2026-05-16T18:05:51.888+0000] {standard_task_runner.py:110} ERROR - Failed to execute job 12 for task run_kafka_producer (Bash command failed. The command returned a non-zero exit code 1.; 72829)
[2026-05-16T18:05:51.915+0000] {local_task_job_runner.py:243} INFO - Task exited with return code 1
[2026-05-16T18:05:51.925+0000] {taskinstance.py:3503} INFO - 0 downstream tasks scheduled from follow-on schedule check
[2026-05-16T18:05:51.926+0000] {local_task_job_runner.py:222} INFO - ::endgroup::
