[2026-05-16T19:16:09.406+0000] {local_task_job_runner.py:120} INFO - ::group::Pre task execution logs
[2026-05-16T19:16:09.417+0000] {taskinstance.py:2076} INFO - Dependencies all met for dep_context=non-requeueable deps ti=<TaskInstance: kafka_dbt_pipeline.run_dbt_models manual__2026-05-16T19:16:07.333357+00:00 [queued]>
[2026-05-16T19:16:09.420+0000] {taskinstance.py:2076} INFO - Dependencies all met for dep_context=requeueable deps ti=<TaskInstance: kafka_dbt_pipeline.run_dbt_models manual__2026-05-16T19:16:07.333357+00:00 [queued]>
[2026-05-16T19:16:09.420+0000] {taskinstance.py:2306} INFO - Starting attempt 1 of 1
[2026-05-16T19:16:09.423+0000] {taskinstance.py:2330} INFO - Executing <Task(BashOperator): run_dbt_models> on 2026-05-16 19:16:07.333357+00:00
[2026-05-16T19:16:09.425+0000] {standard_task_runner.py:64} INFO - Started process 331 to run task
[2026-05-16T19:16:09.427+0000] {standard_task_runner.py:90} INFO - Running: ['***', 'tasks', 'run', 'kafka_dbt_pipeline', 'run_dbt_models', 'manual__2026-05-16T19:16:07.333357+00:00', '--job-id', '48', '--raw', '--subdir', 'DAGS_FOLDER/kafka_dbt_pipeline_dag.py', '--cfg-path', '/tmp/tmpd0o4t_vx']
[2026-05-16T19:16:09.428+0000] {standard_task_runner.py:91} INFO - Job 48: Subtask run_dbt_models
[2026-05-16T19:16:09.445+0000] {task_command.py:426} INFO - Running <TaskInstance: kafka_dbt_pipeline.run_dbt_models manual__2026-05-16T19:16:07.333357+00:00 [running]> on host a74d7fd4d08d
[2026-05-16T19:16:09.474+0000] {taskinstance.py:2648} INFO - Exporting env vars: AIRFLOW_CTX_DAG_OWNER='***' AIRFLOW_CTX_DAG_ID='kafka_dbt_pipeline' AIRFLOW_CTX_TASK_ID='run_dbt_models' AIRFLOW_CTX_EXECUTION_DATE='2026-05-16T19:16:07.333357+00:00' AIRFLOW_CTX_TRY_NUMBER='1' AIRFLOW_CTX_DAG_RUN_ID='manual__2026-05-16T19:16:07.333357+00:00'
[2026-05-16T19:16:09.475+0000] {taskinstance.py:430} INFO - ::endgroup::
[2026-05-16T19:16:09.479+0000] {subprocess.py:63} INFO - Tmp dir root location: /tmp
[2026-05-16T19:16:09.479+0000] {subprocess.py:75} INFO - Running command: ['/usr/bin/bash', '-c', 'cd /opt/***/kafka_dbt_project && dbt run --profiles-dir /opt/***/kafka_dbt_project/.dbt']
[2026-05-16T19:16:09.482+0000] {subprocess.py:86} INFO - Output:
[2026-05-16T19:16:10.256+0000] {subprocess.py:93} INFO - [0m19:16:10  Running with dbt=1.12.0-b1
[2026-05-16T19:16:10.358+0000] {subprocess.py:93} INFO - [0m19:16:10  Registered adapter: postgres=1.10.0
[2026-05-16T19:16:10.560+0000] {subprocess.py:93} INFO - [0m19:16:10  Found 1 model, 1 test, 467 macros
[2026-05-16T19:16:10.561+0000] {subprocess.py:93} INFO - [0m19:16:10
[2026-05-16T19:16:10.561+0000] {subprocess.py:93} INFO - [0m19:16:10  Concurrency: 1 threads (target='dev')
[2026-05-16T19:16:10.562+0000] {subprocess.py:93} INFO - [0m19:16:10
[2026-05-16T19:16:10.611+0000] {subprocess.py:93} INFO - [0m19:16:10  1 of 1 START sql view model public.sales_summary ............................... [RUN]
[2026-05-16T19:16:10.663+0000] {subprocess.py:93} INFO - [0m19:16:10  1 of 1 OK created sql view model public.sales_summary .......................... [[32mCREATE VIEW[0m in 0.05s]
[2026-05-16T19:16:10.671+0000] {subprocess.py:93} INFO - [0m19:16:10
[2026-05-16T19:16:10.671+0000] {subprocess.py:93} INFO - [0m19:16:10  Finished running 1 view model in 0 hours 0 minutes and 0.11 seconds (0.11s).
[2026-05-16T19:16:10.695+0000] {subprocess.py:93} INFO - [0m19:16:10
[2026-05-16T19:16:10.695+0000] {subprocess.py:93} INFO - [0m19:16:10  [32mCompleted successfully[0m
[2026-05-16T19:16:10.695+0000] {subprocess.py:93} INFO - [0m19:16:10
[2026-05-16T19:16:10.696+0000] {subprocess.py:93} INFO - [0m19:16:10  Done. PASS=1 WARN=0 ERROR=0 SKIP=0 NO-OP=0 TOTAL=1
[2026-05-16T19:16:11.169+0000] {subprocess.py:97} INFO - Command exited with return code 0
[2026-05-16T19:16:11.170+0000] {taskinstance.py:441} INFO - ::group::Post task execution logs
[2026-05-16T19:16:11.180+0000] {taskinstance.py:1206} INFO - Marking task as SUCCESS. dag_id=kafka_dbt_pipeline, task_id=run_dbt_models, run_id=manual__2026-05-16T19:16:07.333357+00:00, execution_date=20260516T191607, start_date=20260516T191609, end_date=20260516T191611
[2026-05-16T19:16:11.226+0000] {local_task_job_runner.py:243} INFO - Task exited with return code 0
[2026-05-16T19:16:11.235+0000] {taskinstance.py:3503} INFO - 1 downstream tasks scheduled from follow-on schedule check
[2026-05-16T19:16:11.235+0000] {local_task_job_runner.py:222} INFO - ::endgroup::
