[2026-05-16T19:07:02.176+0000] {local_task_job_runner.py:120} INFO - ::group::Pre task execution logs
[2026-05-16T19:07:02.190+0000] {taskinstance.py:2076} INFO - Dependencies all met for dep_context=non-requeueable deps ti=<TaskInstance: kafka_dbt_pipeline.run_dbt_models manual__2026-05-16T19:07:00.329114+00:00 [queued]>
[2026-05-16T19:07:02.193+0000] {taskinstance.py:2076} INFO - Dependencies all met for dep_context=requeueable deps ti=<TaskInstance: kafka_dbt_pipeline.run_dbt_models manual__2026-05-16T19:07:00.329114+00:00 [queued]>
[2026-05-16T19:07:02.193+0000] {taskinstance.py:2306} INFO - Starting attempt 1 of 1
[2026-05-16T19:07:02.198+0000] {taskinstance.py:2330} INFO - Executing <Task(BashOperator): run_dbt_models> on 2026-05-16 19:07:00.329114+00:00
[2026-05-16T19:07:02.200+0000] {standard_task_runner.py:64} INFO - Started process 278 to run task
[2026-05-16T19:07:02.201+0000] {standard_task_runner.py:90} INFO - Running: ['***', 'tasks', 'run', 'kafka_dbt_pipeline', 'run_dbt_models', 'manual__2026-05-16T19:07:00.329114+00:00', '--job-id', '35', '--raw', '--subdir', 'DAGS_FOLDER/kafka_dbt_pipeline_dag.py', '--cfg-path', '/tmp/tmp8dlxuoai']
[2026-05-16T19:07:02.202+0000] {standard_task_runner.py:91} INFO - Job 35: Subtask run_dbt_models
[2026-05-16T19:07:02.225+0000] {task_command.py:426} INFO - Running <TaskInstance: kafka_dbt_pipeline.run_dbt_models manual__2026-05-16T19:07:00.329114+00:00 [running]> on host da4c744f5689
[2026-05-16T19:07:02.262+0000] {taskinstance.py:2648} INFO - Exporting env vars: AIRFLOW_CTX_DAG_OWNER='***' AIRFLOW_CTX_DAG_ID='kafka_dbt_pipeline' AIRFLOW_CTX_TASK_ID='run_dbt_models' AIRFLOW_CTX_EXECUTION_DATE='2026-05-16T19:07:00.329114+00:00' AIRFLOW_CTX_TRY_NUMBER='1' AIRFLOW_CTX_DAG_RUN_ID='manual__2026-05-16T19:07:00.329114+00:00'
[2026-05-16T19:07:02.262+0000] {taskinstance.py:430} INFO - ::endgroup::
[2026-05-16T19:07:02.272+0000] {subprocess.py:63} INFO - Tmp dir root location: /tmp
[2026-05-16T19:07:02.272+0000] {subprocess.py:75} INFO - Running command: ['/usr/bin/bash', '-c', 'cd /opt/***/kafka_dbt_project && dbt run --profiles-dir /opt/***/kafka_dbt_project/.dbt']
[2026-05-16T19:07:02.275+0000] {subprocess.py:86} INFO - Output:
[2026-05-16T19:07:03.145+0000] {subprocess.py:93} INFO - [0m19:07:03  Running with dbt=1.12.0-b1
[2026-05-16T19:07:03.249+0000] {subprocess.py:93} INFO - [0m19:07:03  Registered adapter: postgres=1.10.0
[2026-05-16T19:07:03.339+0000] {subprocess.py:93} INFO - [0m19:07:03  Unable to do partial parsing because profile has changed
[2026-05-16T19:07:03.982+0000] {subprocess.py:93} INFO - [0m19:07:03  Found 1 model, 1 test, 467 macros
[2026-05-16T19:07:03.983+0000] {subprocess.py:93} INFO - [0m19:07:03
[2026-05-16T19:07:03.983+0000] {subprocess.py:93} INFO - [0m19:07:03  Concurrency: 1 threads (target='dev')
[2026-05-16T19:07:03.983+0000] {subprocess.py:93} INFO - [0m19:07:03
[2026-05-16T19:07:04.046+0000] {subprocess.py:93} INFO - [0m19:07:04  1 of 1 START sql view model public.sales_summary ............................... [RUN]
[2026-05-16T19:07:04.079+0000] {subprocess.py:93} INFO - [0m19:07:04  1 of 1 ERROR creating sql view model public.sales_summary ...................... [[31mERROR[0m in 0.03s]
[2026-05-16T19:07:04.087+0000] {subprocess.py:93} INFO - [0m19:07:04
[2026-05-16T19:07:04.087+0000] {subprocess.py:93} INFO - [0m19:07:04  Finished running 1 view model in 0 hours 0 minutes and 0.10 seconds (0.10s).
[2026-05-16T19:07:04.109+0000] {subprocess.py:93} INFO - [0m19:07:04
[2026-05-16T19:07:04.109+0000] {subprocess.py:93} INFO - [0m19:07:04  [31mCompleted with 1 error, 0 partial successes, and 0 warnings:[0m
[2026-05-16T19:07:04.110+0000] {subprocess.py:93} INFO - [0m19:07:04
[2026-05-16T19:07:04.110+0000] {subprocess.py:93} INFO - [0m19:07:04  [[31mERROR[0m]: in model sales_summary (models/sales_summary.sql)
[2026-05-16T19:07:04.110+0000] {subprocess.py:93} INFO - [0m19:07:04    Database Error in model sales_summary (models/sales_summary.sql)
[2026-05-16T19:07:04.110+0000] {subprocess.py:93} INFO -   relation "raw_sales" does not exist
[2026-05-16T19:07:04.110+0000] {subprocess.py:93} INFO -   LINE 10: FROM raw_sales
[2026-05-16T19:07:04.111+0000] {subprocess.py:93} INFO -                 ^
[2026-05-16T19:07:04.111+0000] {subprocess.py:93} INFO -   compiled code at target/run/analytics_project/models/sales_summary.sql
[2026-05-16T19:07:04.111+0000] {subprocess.py:93} INFO - [0m19:07:04
[2026-05-16T19:07:04.111+0000] {subprocess.py:93} INFO - [0m19:07:04    compiled code at target/compiled/analytics_project/models/sales_summary.sql
[2026-05-16T19:07:04.111+0000] {subprocess.py:93} INFO - [0m19:07:04
[2026-05-16T19:07:04.111+0000] {subprocess.py:93} INFO - [0m19:07:04  Done. PASS=0 WARN=0 ERROR=1 SKIP=0 NO-OP=0 TOTAL=1
[2026-05-16T19:07:04.622+0000] {subprocess.py:97} INFO - Command exited with return code 1
[2026-05-16T19:07:04.623+0000] {taskinstance.py:441} INFO - ::group::Post task execution logs
[2026-05-16T19:07:04.628+0000] {taskinstance.py:2905} ERROR - Task failed with exception
Traceback (most recent call last):
  File "/home/airflow/.local/lib/python3.10/site-packages/airflow/models/taskinstance.py", line 465, in _execute_task
    result = _execute_callable(context=context, **execute_callable_kwargs)
  File "/home/airflow/.local/lib/python3.10/site-packages/airflow/models/taskinstance.py", line 432, in _execute_callable
    return execute_callable(context=context, **execute_callable_kwargs)
  File "/home/airflow/.local/lib/python3.10/site-packages/airflow/models/baseoperator.py", line 401, in wrapper
    return func(self, *args, **kwargs)
  File "/home/airflow/.local/lib/python3.10/site-packages/airflow/operators/bash.py", line 243, in execute
    raise AirflowException(
airflow.exceptions.AirflowException: Bash command failed. The command returned a non-zero exit code 1.
[2026-05-16T19:07:04.630+0000] {taskinstance.py:1206} INFO - Marking task as FAILED. dag_id=kafka_dbt_pipeline, task_id=run_dbt_models, run_id=manual__2026-05-16T19:07:00.329114+00:00, execution_date=20260516T190700, start_date=20260516T190702, end_date=20260516T190704
[2026-05-16T19:07:04.634+0000] {standard_task_runner.py:110} ERROR - Failed to execute job 35 for task run_dbt_models (Bash command failed. The command returned a non-zero exit code 1.; 278)
[2026-05-16T19:07:04.644+0000] {local_task_job_runner.py:243} INFO - Task exited with return code 1
[2026-05-16T19:07:04.653+0000] {taskinstance.py:3503} INFO - 0 downstream tasks scheduled from follow-on schedule check
[2026-05-16T19:07:04.654+0000] {local_task_job_runner.py:222} INFO - ::endgroup::
