[2026-05-16T19:12:49.767+0000] {local_task_job_runner.py:120} INFO - ::group::Pre task execution logs
[2026-05-16T19:12:49.779+0000] {taskinstance.py:2076} INFO - Dependencies all met for dep_context=non-requeueable deps ti=<TaskInstance: kafka_dbt_pipeline.run_dbt_models manual__2026-05-16T19:12:24.490181+00:00 [queued]>
[2026-05-16T19:12:49.781+0000] {taskinstance.py:2076} INFO - Dependencies all met for dep_context=requeueable deps ti=<TaskInstance: kafka_dbt_pipeline.run_dbt_models manual__2026-05-16T19:12:24.490181+00:00 [queued]>
[2026-05-16T19:12:49.781+0000] {taskinstance.py:2306} INFO - Starting attempt 2 of 2
[2026-05-16T19:12:49.785+0000] {taskinstance.py:2330} INFO - Executing <Task(BashOperator): run_dbt_models> on 2026-05-16 19:12:24.490181+00:00
[2026-05-16T19:12:49.787+0000] {standard_task_runner.py:64} INFO - Started process 229 to run task
[2026-05-16T19:12:49.788+0000] {standard_task_runner.py:90} INFO - Running: ['***', 'tasks', 'run', 'kafka_dbt_pipeline', 'run_dbt_models', 'manual__2026-05-16T19:12:24.490181+00:00', '--job-id', '40', '--raw', '--subdir', 'DAGS_FOLDER/kafka_dbt_pipeline_dag.py', '--cfg-path', '/tmp/tmp91_lq3h7']
[2026-05-16T19:12:49.789+0000] {standard_task_runner.py:91} INFO - Job 40: Subtask run_dbt_models
[2026-05-16T19:12:49.807+0000] {task_command.py:426} INFO - Running <TaskInstance: kafka_dbt_pipeline.run_dbt_models manual__2026-05-16T19:12:24.490181+00:00 [running]> on host a74d7fd4d08d
[2026-05-16T19:12:49.834+0000] {taskinstance.py:2648} INFO - Exporting env vars: AIRFLOW_CTX_DAG_OWNER='***' AIRFLOW_CTX_DAG_ID='kafka_dbt_pipeline' AIRFLOW_CTX_TASK_ID='run_dbt_models' AIRFLOW_CTX_EXECUTION_DATE='2026-05-16T19:12:24.490181+00:00' AIRFLOW_CTX_TRY_NUMBER='2' AIRFLOW_CTX_DAG_RUN_ID='manual__2026-05-16T19:12:24.490181+00:00'
[2026-05-16T19:12:49.834+0000] {taskinstance.py:430} INFO - ::endgroup::
[2026-05-16T19:12:49.839+0000] {subprocess.py:63} INFO - Tmp dir root location: /tmp
[2026-05-16T19:12:49.839+0000] {subprocess.py:75} INFO - Running command: ['/usr/bin/bash', '-c', 'cd /opt/***/kafka_dbt_project && dbt run --profiles-dir /opt/***/kafka_dbt_project/.dbt']
[2026-05-16T19:12:49.842+0000] {subprocess.py:86} INFO - Output:
[2026-05-16T19:12:50.610+0000] {subprocess.py:93} INFO - [0m19:12:50  Running with dbt=1.12.0-b1
[2026-05-16T19:12:50.711+0000] {subprocess.py:93} INFO - [0m19:12:50  Registered adapter: postgres=1.10.0
[2026-05-16T19:12:50.893+0000] {subprocess.py:93} INFO - [0m19:12:50  Found 1 model, 1 test, 467 macros
[2026-05-16T19:12:50.894+0000] {subprocess.py:93} INFO - [0m19:12:50
[2026-05-16T19:12:50.894+0000] {subprocess.py:93} INFO - [0m19:12:50  Concurrency: 1 threads (target='dev')
[2026-05-16T19:12:50.895+0000] {subprocess.py:93} INFO - [0m19:12:50
[2026-05-16T19:12:50.940+0000] {subprocess.py:93} INFO - [0m19:12:50  1 of 1 START sql view model public.sales_summary ............................... [RUN]
[2026-05-16T19:12:50.970+0000] {subprocess.py:93} INFO - [0m19:12:50  1 of 1 ERROR creating sql view model public.sales_summary ...................... [[31mERROR[0m in 0.03s]
[2026-05-16T19:12:50.978+0000] {subprocess.py:93} INFO - [0m19:12:50
[2026-05-16T19:12:50.978+0000] {subprocess.py:93} INFO - [0m19:12:50  Finished running 1 view model in 0 hours 0 minutes and 0.08 seconds (0.08s).
[2026-05-16T19:12:51.000+0000] {subprocess.py:93} INFO - [0m19:12:51
[2026-05-16T19:12:51.000+0000] {subprocess.py:93} INFO - [0m19:12:51  [31mCompleted with 1 error, 0 partial successes, and 0 warnings:[0m
[2026-05-16T19:12:51.000+0000] {subprocess.py:93} INFO - [0m19:12:51
[2026-05-16T19:12:51.001+0000] {subprocess.py:93} INFO - [0m19:12:51  [[31mERROR[0m]: in model sales_summary (models/sales_summary.sql)
[2026-05-16T19:12:51.001+0000] {subprocess.py:93} INFO - [0m19:12:51    Database Error in model sales_summary (models/sales_summary.sql)
[2026-05-16T19:12:51.001+0000] {subprocess.py:93} INFO -   relation "raw_sales" does not exist
[2026-05-16T19:12:51.001+0000] {subprocess.py:93} INFO -   LINE 10: FROM raw_sales
[2026-05-16T19:12:51.001+0000] {subprocess.py:93} INFO -                 ^
[2026-05-16T19:12:51.001+0000] {subprocess.py:93} INFO -   compiled code at target/run/analytics_project/models/sales_summary.sql
[2026-05-16T19:12:51.002+0000] {subprocess.py:93} INFO - [0m19:12:51
[2026-05-16T19:12:51.002+0000] {subprocess.py:93} INFO - [0m19:12:51    compiled code at target/compiled/analytics_project/models/sales_summary.sql
[2026-05-16T19:12:51.002+0000] {subprocess.py:93} INFO - [0m19:12:51
[2026-05-16T19:12:51.002+0000] {subprocess.py:93} INFO - [0m19:12:51  Done. PASS=0 WARN=0 ERROR=1 SKIP=0 NO-OP=0 TOTAL=1
[2026-05-16T19:12:51.486+0000] {subprocess.py:97} INFO - Command exited with return code 1
[2026-05-16T19:12:51.487+0000] {taskinstance.py:441} INFO - ::group::Post task execution logs
[2026-05-16T19:12:51.492+0000] {taskinstance.py:2905} ERROR - Task failed with exception
Traceback (most recent call last):
  File "/home/airflow/.local/lib/python3.10/site-packages/airflow/models/taskinstance.py", line 465, in _execute_task
    result = _execute_callable(context=context, **execute_callable_kwargs)
  File "/home/airflow/.local/lib/python3.10/site-packages/airflow/models/taskinstance.py", line 432, in _execute_callable
    return execute_callable(context=context, **execute_callable_kwargs)
  File "/home/airflow/.local/lib/python3.10/site-packages/airflow/models/baseoperator.py", line 401, in wrapper
    return func(self, *args, **kwargs)
  File "/home/airflow/.local/lib/python3.10/site-packages/airflow/operators/bash.py", line 243, in execute
    raise AirflowException(
airflow.exceptions.AirflowException: Bash command failed. The command returned a non-zero exit code 1.
[2026-05-16T19:12:51.493+0000] {taskinstance.py:1206} INFO - Marking task as FAILED. dag_id=kafka_dbt_pipeline, task_id=run_dbt_models, run_id=manual__2026-05-16T19:12:24.490181+00:00, execution_date=20260516T191224, start_date=20260516T191249, end_date=20260516T191251
[2026-05-16T19:12:51.497+0000] {standard_task_runner.py:110} ERROR - Failed to execute job 40 for task run_dbt_models (Bash command failed. The command returned a non-zero exit code 1.; 229)
[2026-05-16T19:12:51.528+0000] {local_task_job_runner.py:243} INFO - Task exited with return code 1
[2026-05-16T19:12:51.537+0000] {taskinstance.py:3503} INFO - 0 downstream tasks scheduled from follow-on schedule check
[2026-05-16T19:12:51.538+0000] {local_task_job_runner.py:222} INFO - ::endgroup::
