[2026-05-16T18:21:18.406+0000] {local_task_job_runner.py:120} INFO - ::group::Pre task execution logs
[2026-05-16T18:21:18.421+0000] {taskinstance.py:2076} INFO - Dependencies all met for dep_context=non-requeueable deps ti=<TaskInstance: kafka_dbt_pipeline.check_project_files manual__2026-05-16T18:21:17.429454+00:00 [queued]>
[2026-05-16T18:21:18.424+0000] {taskinstance.py:2076} INFO - Dependencies all met for dep_context=requeueable deps ti=<TaskInstance: kafka_dbt_pipeline.check_project_files manual__2026-05-16T18:21:17.429454+00:00 [queued]>
[2026-05-16T18:21:18.424+0000] {taskinstance.py:2306} INFO - Starting attempt 1 of 1
[2026-05-16T18:21:18.429+0000] {taskinstance.py:2330} INFO - Executing <Task(BashOperator): check_project_files> on 2026-05-16 18:21:17.429454+00:00
[2026-05-16T18:21:18.431+0000] {standard_task_runner.py:64} INFO - Started process 92862 to run task
[2026-05-16T18:21:18.433+0000] {standard_task_runner.py:90} INFO - Running: ['***', 'tasks', 'run', 'kafka_dbt_pipeline', 'check_project_files', 'manual__2026-05-16T18:21:17.429454+00:00', '--job-id', '19', '--raw', '--subdir', 'DAGS_FOLDER/kafka_dbt_pipeline_dag.py', '--cfg-path', '/tmp/tmp7ffq61ew']
[2026-05-16T18:21:18.434+0000] {standard_task_runner.py:91} INFO - Job 19: Subtask check_project_files
[2026-05-16T18:21:18.455+0000] {task_command.py:426} INFO - Running <TaskInstance: kafka_dbt_pipeline.check_project_files manual__2026-05-16T18:21:17.429454+00:00 [running]> on host 8a26c75e944a
[2026-05-16T18:21:18.490+0000] {taskinstance.py:2648} INFO - Exporting env vars: AIRFLOW_CTX_DAG_OWNER='***' AIRFLOW_CTX_DAG_ID='kafka_dbt_pipeline' AIRFLOW_CTX_TASK_ID='check_project_files' AIRFLOW_CTX_EXECUTION_DATE='2026-05-16T18:21:17.429454+00:00' AIRFLOW_CTX_TRY_NUMBER='1' AIRFLOW_CTX_DAG_RUN_ID='manual__2026-05-16T18:21:17.429454+00:00'
[2026-05-16T18:21:18.490+0000] {taskinstance.py:430} INFO - ::endgroup::
[2026-05-16T18:21:18.497+0000] {subprocess.py:63} INFO - Tmp dir root location: /tmp
[2026-05-16T18:21:18.498+0000] {subprocess.py:75} INFO - Running command: ['/usr/bin/bash', '-c', 'ls -la /opt/***/kafka_dbt_project && ls -la /opt/***/kafka_dbt_project/models']
[2026-05-16T18:21:18.502+0000] {subprocess.py:86} INFO - Output:
[2026-05-16T18:21:18.506+0000] {subprocess.py:93} INFO - total 36
[2026-05-16T18:21:18.506+0000] {subprocess.py:93} INFO - drwx------ 14 *** root  448 May 16 17:36 .
[2026-05-16T18:21:18.507+0000] {subprocess.py:93} INFO - drwxrwxr-x  1 *** root 4096 May 16 17:56 ..
[2026-05-16T18:21:18.507+0000] {subprocess.py:93} INFO - -rw-r--r--  1 *** root   25 May 16  2026 .gitignore
[2026-05-16T18:21:18.507+0000] {subprocess.py:93} INFO - -rw-r--r--  1 *** root 1884 May 16 18:20 README.md
[2026-05-16T18:21:18.507+0000] {subprocess.py:93} INFO - -rw-r--r--  1 *** root  294 May 16 17:15 consumer.py
[2026-05-16T18:21:18.507+0000] {subprocess.py:93} INFO - -rw-r--r--  1 *** root  728 May 16 17:15 consumer2.py
[2026-05-16T18:21:18.507+0000] {subprocess.py:93} INFO - drwxr-xr-x  3 *** root   96 May 16 17:37 dags
[2026-05-16T18:21:18.507+0000] {subprocess.py:93} INFO - -rw-r--r--  1 *** root  104 May 16  2026 dbt_project.yml
[2026-05-16T18:21:18.508+0000] {subprocess.py:93} INFO - -rw-r--r--  1 *** root 1119 May 16 18:20 docker-compose.yml
[2026-05-16T18:21:18.508+0000] {subprocess.py:93} INFO - drwxr-xr-x  3 *** root   96 May 16 17:23 logs
[2026-05-16T18:21:18.508+0000] {subprocess.py:93} INFO - drwxr-xr-x  4 *** root  128 May 16 16:45 models
[2026-05-16T18:21:18.508+0000] {subprocess.py:93} INFO - -rw-r--r--  1 *** root  428 May 16 18:18 producer.py
[2026-05-16T18:21:18.508+0000] {subprocess.py:93} INFO - -rw-r--r--  1 *** root   50 May 16  2026 requirements.txt
[2026-05-16T18:21:18.508+0000] {subprocess.py:93} INFO - drwxr-xr-x 10 *** root  320 May 16 17:25 target
[2026-05-16T18:21:18.508+0000] {subprocess.py:93} INFO - total 8
[2026-05-16T18:21:18.508+0000] {subprocess.py:93} INFO - drwxr-xr-x  4 *** root 128 May 16 16:45 .
[2026-05-16T18:21:18.508+0000] {subprocess.py:93} INFO - drwx------ 14 *** root 448 May 16 17:36 ..
[2026-05-16T18:21:18.508+0000] {subprocess.py:93} INFO - -rw-r--r--  1 *** root  78 May 16  2026 sales_summary.sql
[2026-05-16T18:21:18.508+0000] {subprocess.py:93} INFO - -rw-r--r--  1 *** root 115 May 16  2026 schema.yml
[2026-05-16T18:21:18.508+0000] {subprocess.py:97} INFO - Command exited with return code 0
[2026-05-16T18:21:18.509+0000] {taskinstance.py:441} INFO - ::group::Post task execution logs
[2026-05-16T18:21:18.520+0000] {taskinstance.py:1206} INFO - Marking task as SUCCESS. dag_id=kafka_dbt_pipeline, task_id=check_project_files, run_id=manual__2026-05-16T18:21:17.429454+00:00, execution_date=20260516T182117, start_date=20260516T182118, end_date=20260516T182118
[2026-05-16T18:21:18.530+0000] {local_task_job_runner.py:243} INFO - Task exited with return code 0
[2026-05-16T18:21:18.542+0000] {taskinstance.py:3503} INFO - 1 downstream tasks scheduled from follow-on schedule check
[2026-05-16T18:21:18.543+0000] {local_task_job_runner.py:222} INFO - ::endgroup::
