[2026-05-16T18:27:59.286+0000] {local_task_job_runner.py:120} INFO - ::group::Pre task execution logs
[2026-05-16T18:27:59.302+0000] {taskinstance.py:2076} INFO - Dependencies all met for dep_context=non-requeueable deps ti=<TaskInstance: kafka_dbt_pipeline.run_kafka_producer manual__2026-05-16T18:26:40.604233+00:00 [queued]>
[2026-05-16T18:27:59.307+0000] {taskinstance.py:2076} INFO - Dependencies all met for dep_context=requeueable deps ti=<TaskInstance: kafka_dbt_pipeline.run_kafka_producer manual__2026-05-16T18:26:40.604233+00:00 [queued]>
[2026-05-16T18:27:59.307+0000] {taskinstance.py:2306} INFO - Starting attempt 2 of 2
[2026-05-16T18:27:59.313+0000] {taskinstance.py:2330} INFO - Executing <Task(BashOperator): run_kafka_producer> on 2026-05-16 18:26:40.604233+00:00
[2026-05-16T18:27:59.316+0000] {standard_task_runner.py:64} INFO - Started process 43958 to run task
[2026-05-16T18:27:59.317+0000] {standard_task_runner.py:90} INFO - Running: ['***', 'tasks', 'run', 'kafka_dbt_pipeline', 'run_kafka_producer', 'manual__2026-05-16T18:26:40.604233+00:00', '--job-id', '23', '--raw', '--subdir', 'DAGS_FOLDER/kafka_dbt_pipeline_dag.py', '--cfg-path', '/tmp/tmp101o7kgo']
[2026-05-16T18:27:59.318+0000] {standard_task_runner.py:91} INFO - Job 23: Subtask run_kafka_producer
[2026-05-16T18:27:59.340+0000] {task_command.py:426} INFO - Running <TaskInstance: kafka_dbt_pipeline.run_kafka_producer manual__2026-05-16T18:26:40.604233+00:00 [running]> on host 8a26c75e944a
[2026-05-16T18:27:59.376+0000] {taskinstance.py:2648} INFO - Exporting env vars: AIRFLOW_CTX_DAG_OWNER='***' AIRFLOW_CTX_DAG_ID='kafka_dbt_pipeline' AIRFLOW_CTX_TASK_ID='run_kafka_producer' AIRFLOW_CTX_EXECUTION_DATE='2026-05-16T18:26:40.604233+00:00' AIRFLOW_CTX_TRY_NUMBER='2' AIRFLOW_CTX_DAG_RUN_ID='manual__2026-05-16T18:26:40.604233+00:00'
[2026-05-16T18:27:59.377+0000] {taskinstance.py:430} INFO - ::endgroup::
[2026-05-16T18:27:59.384+0000] {subprocess.py:63} INFO - Tmp dir root location: /tmp
[2026-05-16T18:27:59.384+0000] {subprocess.py:75} INFO - Running command: ['/usr/bin/bash', '-c', 'cd /opt/***/kafka_dbt_project && python producer.py']
[2026-05-16T18:27:59.388+0000] {subprocess.py:86} INFO - Output:
[2026-05-16T18:28:01.639+0000] {subprocess.py:93} INFO - Traceback (most recent call last):
[2026-05-16T18:28:01.639+0000] {subprocess.py:93} INFO -   File "/opt/***/kafka_dbt_project/producer.py", line 6, in <module>
[2026-05-16T18:28:01.639+0000] {subprocess.py:93} INFO -     producer = KafkaProducer(
[2026-05-16T18:28:01.640+0000] {subprocess.py:93} INFO -   File "/home/***/.local/lib/python3.10/site-packages/kafka/producer/kafka.py", line 485, in __init__
[2026-05-16T18:28:01.641+0000] {subprocess.py:93} INFO -     client = self.config['kafka_client'](
[2026-05-16T18:28:01.641+0000] {subprocess.py:93} INFO -   File "/home/***/.local/lib/python3.10/site-packages/kafka/client_async.py", line 262, in __init__
[2026-05-16T18:28:01.641+0000] {subprocess.py:93} INFO -     self.config['api_version'] = self.check_version()
[2026-05-16T18:28:01.641+0000] {subprocess.py:93} INFO -   File "/home/***/.local/lib/python3.10/site-packages/kafka/client_async.py", line 1076, in check_version
[2026-05-16T18:28:01.641+0000] {subprocess.py:93} INFO -     raise Errors.NoBrokersAvailable()
[2026-05-16T18:28:01.642+0000] {subprocess.py:93} INFO - kafka.errors.NoBrokersAvailable: NoBrokersAvailable
[2026-05-16T18:28:01.658+0000] {subprocess.py:97} INFO - Command exited with return code 1
[2026-05-16T18:28:01.658+0000] {taskinstance.py:441} INFO - ::group::Post task execution logs
[2026-05-16T18:28:01.664+0000] {taskinstance.py:2905} ERROR - Task failed with exception
Traceback (most recent call last):
  File "/home/airflow/.local/lib/python3.10/site-packages/airflow/models/taskinstance.py", line 465, in _execute_task
    result = _execute_callable(context=context, **execute_callable_kwargs)
  File "/home/airflow/.local/lib/python3.10/site-packages/airflow/models/taskinstance.py", line 432, in _execute_callable
    return execute_callable(context=context, **execute_callable_kwargs)
  File "/home/airflow/.local/lib/python3.10/site-packages/airflow/models/baseoperator.py", line 401, in wrapper
    return func(self, *args, **kwargs)
  File "/home/airflow/.local/lib/python3.10/site-packages/airflow/operators/bash.py", line 243, in execute
    raise AirflowException(
airflow.exceptions.AirflowException: Bash command failed. The command returned a non-zero exit code 1.
[2026-05-16T18:28:01.666+0000] {taskinstance.py:1206} INFO - Marking task as FAILED. dag_id=kafka_dbt_pipeline, task_id=run_kafka_producer, run_id=manual__2026-05-16T18:26:40.604233+00:00, execution_date=20260516T182640, start_date=20260516T182759, end_date=20260516T182801
[2026-05-16T18:28:01.673+0000] {standard_task_runner.py:110} ERROR - Failed to execute job 23 for task run_kafka_producer (Bash command failed. The command returned a non-zero exit code 1.; 43958)
[2026-05-16T18:28:01.676+0000] {local_task_job_runner.py:243} INFO - Task exited with return code 1
[2026-05-16T18:28:01.687+0000] {taskinstance.py:3503} INFO - 0 downstream tasks scheduled from follow-on schedule check
[2026-05-16T18:28:01.689+0000] {local_task_job_runner.py:222} INFO - ::endgroup::
